  [1m[35m (590.2ms)[0m  [1m[35mCREATE DATABASE "tweeter_app_api_development" ENCODING = 'unicode'[0m
  [1m[35m (334.2ms)[0m  [1m[35mCREATE DATABASE "tweeter_app_api_test" ENCODING = 'unicode'[0m
  [1m[35m (106.2ms)[0m  [1m[35mCREATE TABLE "schema_migrations" ("version" character varying NOT NULL PRIMARY KEY)[0m
  [1m[35m (32.9ms)[0m  [1m[35mCREATE TABLE "ar_internal_metadata" ("key" character varying NOT NULL PRIMARY KEY, "value" character varying, "created_at" timestamp(6) NOT NULL, "updated_at" timestamp(6) NOT NULL)[0m
  [1m[35m (0.4ms)[0m  [1m[34mSELECT pg_try_advisory_lock(1344325399035759420)[0m
  [1m[35m (1.9ms)[0m  [1m[34mSELECT "schema_migrations"."version" FROM "schema_migrations" ORDER BY "schema_migrations"."version" ASC[0m
Migrating to CreateTweets (20210224025244)
  [1m[36mTRANSACTION (16.4ms)[0m  [1m[35mBEGIN[0m
  [1m[35m (48.2ms)[0m  [1m[35mCREATE TABLE "tweets" ("id" bigserial primary key, "title" character varying, "content" text, "author" character varying, "created_at" timestamp(6) NOT NULL, "updated_at" timestamp(6) NOT NULL)[0m
  [1m[36mActiveRecord::SchemaMigration Create (0.9ms)[0m  [1m[32mINSERT INTO "schema_migrations" ("version") VALUES ($1) RETURNING "version"[0m  [["version", "20210224025244"]]
  [1m[36mTRANSACTION (0.8ms)[0m  [1m[35mCOMMIT[0m
  [1m[36mActiveRecord::InternalMetadata Load (0.8ms)[0m  [1m[34mSELECT "ar_internal_metadata".* FROM "ar_internal_metadata" WHERE "ar_internal_metadata"."key" = $1 LIMIT $2[0m  [["key", "environment"], ["LIMIT", 1]]
  [1m[36mTRANSACTION (0.3ms)[0m  [1m[35mBEGIN[0m
  [1m[36mActiveRecord::InternalMetadata Create (25.9ms)[0m  [1m[32mINSERT INTO "ar_internal_metadata" ("key", "value", "created_at", "updated_at") VALUES ($1, $2, $3, $4) RETURNING "key"[0m  [["key", "environment"], ["value", "development"], ["created_at", "2021-02-24 02:54:33.954391"], ["updated_at", "2021-02-24 02:54:33.954391"]]
  [1m[36mTRANSACTION (0.6ms)[0m  [1m[35mCOMMIT[0m
  [1m[35m (0.7ms)[0m  [1m[34mSELECT pg_advisory_unlock(1344325399035759420)[0m
  [1m[35m (44.3ms)[0m  [1m[34mSELECT "schema_migrations"."version" FROM "schema_migrations" ORDER BY "schema_migrations"."version" ASC[0m
  [1m[35m (2.1ms)[0m  [1m[34mSELECT "schema_migrations"."version" FROM "schema_migrations" ORDER BY "schema_migrations"."version" ASC[0m
  [1m[36mTRANSACTION (24.0ms)[0m  [1m[35mBEGIN[0m
  [1m[36mTweet Create (3.2ms)[0m  [1m[32mINSERT INTO "tweets" ("title", "content", "author", "created_at", "updated_at") VALUES ($1, $2, $3, $4, $5) RETURNING "id"[0m  [["title", "Out of My Mind"], ["content", "Sorry about the chains. It's not that I don't trust you, it's... Actually, it is that I don't trust you."], ["author", "Rupert Giles"], ["created_at", "2021-02-24 03:05:50.842889"], ["updated_at", "2021-02-24 03:05:50.842889"]]
  [1m[36mTRANSACTION (1.2ms)[0m  [1m[35mCOMMIT[0m
  [1m[36mTRANSACTION (0.3ms)[0m  [1m[35mBEGIN[0m
  [1m[36mTweet Create (1.4ms)[0m  [1m[32mINSERT INTO "tweets" ("title", "content", "author", "created_at", "updated_at") VALUES ($1, $2, $3, $4, $5) RETURNING "id"[0m  [["title", "Innocence"], ["content", "I can kill a couple of geeks all by myself. But, hey, if you'd like to watch... I mean, that's what you Watchers are good at, right? Watching?"], ["author", "Oz"], ["created_at", "2021-02-24 03:05:50.879568"], ["updated_at", "2021-02-24 03:05:50.879568"]]
  [1m[36mTRANSACTION (1.1ms)[0m  [1m[35mCOMMIT[0m
  [1m[36mTRANSACTION (25.0ms)[0m  [1m[35mBEGIN[0m
  [1m[36mTweet Create (0.8ms)[0m  [1m[32mINSERT INTO "tweets" ("title", "content", "author", "created_at", "updated_at") VALUES ($1, $2, $3, $4, $5) RETURNING "id"[0m  [["title", "Ted"], ["content", "Cordelia, your mouth is open, sound is coming from it. This is never good."], ["author", "Drusilla"], ["created_at", "2021-02-24 03:05:50.892149"], ["updated_at", "2021-02-24 03:05:50.892149"]]
  [1m[36mTRANSACTION (0.7ms)[0m  [1m[35mCOMMIT[0m
  [1m[36mTRANSACTION (0.3ms)[0m  [1m[35mBEGIN[0m
  [1m[36mTweet Create (0.7ms)[0m  [1m[32mINSERT INTO "tweets" ("title", "content", "author", "created_at", "updated_at") VALUES ($1, $2, $3, $4, $5) RETURNING "id"[0m  [["title", "Lovers Walk"], ["content", "Just because you're better than us doesn't mean you can be all superior."], ["author", "Rupert Giles"], ["created_at", "2021-02-24 03:05:50.925885"], ["updated_at", "2021-02-24 03:05:50.925885"]]
  [1m[36mTRANSACTION (0.8ms)[0m  [1m[35mCOMMIT[0m
  [1m[36mTRANSACTION (0.3ms)[0m  [1m[35mBEGIN[0m
  [1m[36mTweet Create (1.0ms)[0m  [1m[32mINSERT INTO "tweets" ("title", "content", "author", "created_at", "updated_at") VALUES ($1, $2, $3, $4, $5) RETURNING "id"[0m  [["title", "Sleeper"], ["content", "Wow, it's like, one second you were this klutzy teenager with false memories and a history of kleptomania, and then suddenly you were a hero. A hero with a much abbreviated life span."], ["author", "Buffy Summers"], ["created_at", "2021-02-24 03:05:50.935332"], ["updated_at", "2021-02-24 03:05:50.935332"]]
  [1m[36mTRANSACTION (25.5ms)[0m  [1m[35mCOMMIT[0m
  [1m[36mTRANSACTION (0.3ms)[0m  [1m[35mBEGIN[0m
  [1m[36mTweet Create (0.7ms)[0m  [1m[32mINSERT INTO "tweets" ("title", "content", "author", "created_at", "updated_at") VALUES ($1, $2, $3, $4, $5) RETURNING "id"[0m  [["title", "Storyteller"], ["content", "Strong is fighting. It's hard and it's painful, and it's every day. It's what we have to do. And we can do it together."], ["author", "Riley Finn"], ["created_at", "2021-02-24 03:05:50.971145"], ["updated_at", "2021-02-24 03:05:50.971145"]]
  [1m[36mTRANSACTION (0.7ms)[0m  [1m[35mCOMMIT[0m
  [1m[36mTRANSACTION (0.4ms)[0m  [1m[35mBEGIN[0m
  [1m[36mTweet Create (1.7ms)[0m  [1m[32mINSERT INTO "tweets" ("title", "content", "author", "created_at", "updated_at") VALUES ($1, $2, $3, $4, $5) RETURNING "id"[0m  [["title", "Lies My Parents Told Me"], ["content", "I'm talking! Don't interrupt me! Insignificant man. I am Willow. I am death. If you dare defy me, I will call down my fury, exact fresh vengeance, and make your worst fears come true. Okay?"], ["author", "Faith Lehane"], ["created_at", "2021-02-24 03:05:50.979202"], ["updated_at", "2021-02-24 03:05:50.979202"]]
  [1m[36mTRANSACTION (0.8ms)[0m  [1m[35mCOMMIT[0m
  [1m[36mTRANSACTION (24.5ms)[0m  [1m[35mBEGIN[0m
  [1m[36mTweet Create (0.6ms)[0m  [1m[32mINSERT INTO "tweets" ("title", "content", "author", "created_at", "updated_at") VALUES ($1, $2, $3, $4, $5) RETURNING "id"[0m  [["title", "Shadow"], ["content", "And I wonder what possible catastrophe came crashing down from heaven and brought this dashing stranger to tears?"], ["author", "Joyce Summers"], ["created_at", "2021-02-24 03:05:50.991881"], ["updated_at", "2021-02-24 03:05:50.991881"]]
  [1m[36mTRANSACTION (0.5ms)[0m  [1m[35mCOMMIT[0m
  [1m[36mTRANSACTION (0.2ms)[0m  [1m[35mBEGIN[0m
  [1m[36mTweet Create (0.5ms)[0m  [1m[32mINSERT INTO "tweets" ("title", "content", "author", "created_at", "updated_at") VALUES ($1, $2, $3, $4, $5) RETURNING "id"[0m  [["title", "Bring on the Night"], ["content", "I'm beyond tired. I'm beyond scared. I'm standing on the mouth of hell, and it's gonna swallow me whole. And it'll choke on me. We're not ready? They're not ready."], ["author", "Jonathan Levinson"], ["created_at", "2021-02-24 03:05:51.023298"], ["updated_at", "2021-02-24 03:05:51.023298"]]
  [1m[36mTRANSACTION (0.6ms)[0m  [1m[35mCOMMIT[0m
  [1m[36mTRANSACTION (0.3ms)[0m  [1m[35mBEGIN[0m
  [1m[36mTweet Create (0.8ms)[0m  [1m[32mINSERT INTO "tweets" ("title", "content", "author", "created_at", "updated_at") VALUES ($1, $2, $3, $4, $5) RETURNING "id"[0m  [["title", "Entropy"], ["content", "I'm the thing that monsters have nightmares about."], ["author", "Drusilla"], ["created_at", "2021-02-24 03:05:51.029442"], ["updated_at", "2021-02-24 03:05:51.029442"]]
  [1m[36mTRANSACTION (0.7ms)[0m  [1m[35mCOMMIT[0m
  [1m[36mTRANSACTION (0.3ms)[0m  [1m[35mBEGIN[0m
  [1m[36mTweet Create (25.1ms)[0m  [1m[32mINSERT INTO "tweets" ("title", "content", "author", "created_at", "updated_at") VALUES ($1, $2, $3, $4, $5) RETURNING "id"[0m  [["title", "Two to Go"], ["content", "I'm talking! Don't interrupt me! Insignificant man. I am Willow. I am death. If you dare defy me, I will call down my fury, exact fresh vengeance, and make your worst fears come true. Okay?"], ["author", "Faith Lehane"], ["created_at", "2021-02-24 03:05:51.039475"], ["updated_at", "2021-02-24 03:05:51.039475"]]
  [1m[36mTRANSACTION (0.6ms)[0m  [1m[35mCOMMIT[0m
  [1m[36mTRANSACTION (0.3ms)[0m  [1m[35mBEGIN[0m
  [1m[36mTweet Create (0.7ms)[0m  [1m[32mINSERT INTO "tweets" ("title", "content", "author", "created_at", "updated_at") VALUES ($1, $2, $3, $4, $5) RETURNING "id"[0m  [["title", "Graduation Day, Part One"], ["content", "I'm talking! Don't interrupt me! Insignificant man. I am Willow. I am death. If you dare defy me, I will call down my fury, exact fresh vengeance, and make your worst fears come true. Okay?"], ["author", "Darla"], ["created_at", "2021-02-24 03:05:51.072466"], ["updated_at", "2021-02-24 03:05:51.072466"]]
  [1m[36mTRANSACTION (0.5ms)[0m  [1m[35mCOMMIT[0m
  [1m[36mTRANSACTION (0.5ms)[0m  [1m[35mBEGIN[0m
  [1m[36mTweet Create (1.6ms)[0m  [1m[32mINSERT INTO "tweets" ("title", "content", "author", "created_at", "updated_at") VALUES ($1, $2, $3, $4, $5) RETURNING "id"[0m  [["title", "Intervention"], ["content", "So what — are we helpless puppets? No. The big moments are gonna come. You can't help that. It's what you do afterwards that counts. That's when you find out who you are."], ["author", "Riley Finn"], ["created_at", "2021-02-24 03:05:51.080061"], ["updated_at", "2021-02-24 03:05:51.080061"]]
  [1m[36mTRANSACTION (1.3ms)[0m  [1m[35mCOMMIT[0m
  [1m[36mTRANSACTION (24.0ms)[0m  [1m[35mBEGIN[0m
  [1m[36mTweet Create (0.6ms)[0m  [1m[32mINSERT INTO "tweets" ("title", "content", "author", "created_at", "updated_at") VALUES ($1, $2, $3, $4, $5) RETURNING "id"[0m  [["title", "Consequences"], ["content", "I don't know what's coming next. But I do know it's gonna be just like this."], ["author", "Harmony Kendall"], ["created_at", "2021-02-24 03:05:51.093344"], ["updated_at", "2021-02-24 03:05:51.093344"]]
  [1m[36mTRANSACTION (0.5ms)[0m  [1m[35mCOMMIT[0m
  [1m[36mTRANSACTION (0.2ms)[0m  [1m[35mBEGIN[0m
  [1m[36mTweet Create (0.5ms)[0m  [1m[32mINSERT INTO "tweets" ("title", "content", "author", "created_at", "updated_at") VALUES ($1, $2, $3, $4, $5) RETURNING "id"[0m  [["title", "Witch"], ["content", "I'm beyond tired. I'm beyond scared. I'm standing on the mouth of hell, and it's gonna swallow me whole. And it'll choke on me. We're not ready? They're not ready."], ["author", "Ethan Rayne"], ["created_at", "2021-02-24 03:05:51.123883"], ["updated_at", "2021-02-24 03:05:51.123883"]]
  [1m[36mTRANSACTION (0.5ms)[0m  [1m[35mCOMMIT[0m
  [1m[36mTweet Load (1.6ms)[0m  [1m[34mSELECT "tweets".* FROM "tweets" /* loading for inspect */ LIMIT $1[0m  [["LIMIT", 11]]
Started GET "/" for 127.0.0.1 at 2021-02-23 22:10:21 -0500
  [1m[35m (3.0ms)[0m  [1m[34mSELECT "schema_migrations"."version" FROM "schema_migrations" ORDER BY "schema_migrations"."version" ASC[0m
Processing by Rails::WelcomeController#index as HTML
  Rendering /Users/Samantha/.rbenv/versions/3.0.0/lib/ruby/gems/3.0.0/gems/railties-6.1.3/lib/rails/templates/rails/welcome/index.html.erb
  Rendered /Users/Samantha/.rbenv/versions/3.0.0/lib/ruby/gems/3.0.0/gems/railties-6.1.3/lib/rails/templates/rails/welcome/index.html.erb (Duration: 35.7ms | Allocations: 467)
Completed 200 OK in 231ms (Views: 55.7ms | ActiveRecord: 0.0ms | Allocations: 3961)


Started GET "/favicon.ico" for 127.0.0.1 at 2021-02-23 22:10:22 -0500
  
ActionController::RoutingError (No route matches [GET] "/favicon.ico"):
  
Started GET "/tweets" for 127.0.0.1 at 2021-02-23 22:13:15 -0500
Processing by TweetsController#index as HTML
  [1m[36mTweet Load (2.0ms)[0m  [1m[34mSELECT "tweets".* FROM "tweets"[0m
  ↳ app/controllers/tweets_controller.rb:4:in `index'
Completed 200 OK in 196ms (Views: 156.8ms | ActiveRecord: 34.9ms | Allocations: 6515)


Started GET "/tweets" for 127.0.0.1 at 2021-02-23 22:13:21 -0500
Processing by TweetsController#index as HTML
  [1m[36mTweet Load (1.6ms)[0m  [1m[34mSELECT "tweets".* FROM "tweets"[0m
  ↳ app/controllers/tweets_controller.rb:4:in `index'
Completed 200 OK in 21ms (Views: 19.4ms | ActiveRecord: 1.6ms | Allocations: 2183)


Started GET "/tweets/10" for 127.0.0.1 at 2021-02-23 22:17:12 -0500
Processing by TweetsController#show as HTML
  Parameters: {"id"=>"10"}
  [1m[36mTweet Load (0.8ms)[0m  [1m[34mSELECT "tweets".* FROM "tweets" WHERE "tweets"."id" = $1 LIMIT $2[0m  [["id", 10], ["LIMIT", 1]]
  ↳ app/controllers/tweets_controller.rb:10:in `show'
Completed 200 OK in 110ms (Views: 0.6ms | ActiveRecord: 79.3ms | Allocations: 4516)


Started GET "/tweets" for ::1 at 2021-02-23 22:23:06 -0500
  
SyntaxError (/Users/Samantha/Desktop/GASEI/Unit4/Rails/tweeter_app_api/app/controllers/tweets_controller.rb:20: syntax error, unexpected label, expecting ')'
            render (status: 422, json: {tweet: tweet, er...
                    ^~~~~~~
/Users/Samantha/Desktop/GASEI/Unit4/Rails/tweeter_app_api/app/controllers/tweets_controller.rb:20: syntax error, unexpected ')', expecting `end'
...: tweet, errors: tweet.errors})
...                              ^
/Users/Samantha/Desktop/GASEI/Unit4/Rails/tweeter_app_api/app/controllers/tweets_controller.rb:27: syntax error, unexpected ','
...tweet).permit(:title, content:, author:)
...                              ^
):
  
app/controllers/tweets_controller.rb:20: syntax error, unexpected label, expecting ')'
app/controllers/tweets_controller.rb:20: syntax error, unexpected ')', expecting `end'
app/controllers/tweets_controller.rb:27: syntax error, unexpected ','
app/controllers/tweets_controller.rb:20: syntax error, unexpected label, expecting ')'
app/controllers/tweets_controller.rb:20: syntax error, unexpected ')', expecting `end'
app/controllers/tweets_controller.rb:27: syntax error, unexpected ','
Started GET "/tweets" for ::1 at 2021-02-23 22:24:30 -0500
  
SyntaxError (/Users/Samantha/Desktop/GASEI/Unit4/Rails/tweeter_app_api/app/controllers/tweets_controller.rb:27: syntax error, unexpected ','
...tweet).permit(:title, content:, author:)
...                              ^
):
  
app/controllers/tweets_controller.rb:27: syntax error, unexpected ','
app/controllers/tweets_controller.rb:27: syntax error, unexpected ','
Started GET "/tweets" for 127.0.0.1 at 2021-02-23 22:24:52 -0500
  
SyntaxError (/Users/Samantha/Desktop/GASEI/Unit4/Rails/tweeter_app_api/app/controllers/tweets_controller.rb:27: syntax error, unexpected ','
...tweet).permit(:title, content:, author:)
...                              ^
):
  
app/controllers/tweets_controller.rb:27: syntax error, unexpected ','
app/controllers/tweets_controller.rb:27: syntax error, unexpected ','
Started GET "/tweets" for 127.0.0.1 at 2021-02-23 22:25:24 -0500
Processing by TweetsController#index as HTML
  [1m[36mTweet Load (1.6ms)[0m  [1m[34mSELECT "tweets".* FROM "tweets"[0m
  ↳ app/controllers/tweets_controller.rb:5:in `index'
Completed 200 OK in 152ms (Views: 143.5ms | ActiveRecord: 72.9ms | Allocations: 7347)


Started GET "/tweets" for ::1 at 2021-02-23 22:25:31 -0500
Processing by TweetsController#index as */*
  Parameters: {"title"=>"Dune Messiah", "author"=>"Frank Herbert", "genre"=>"SiFi", "publisher"=>"Da Capo Press", "publish_date"=>"1986-01-26", "tweet"=>{"title"=>"Dune Messiah", "author"=>"Frank Herbert"}}
  [1m[36mTweet Load (9.4ms)[0m  [1m[34mSELECT "tweets".* FROM "tweets"[0m
  ↳ app/controllers/tweets_controller.rb:5:in `index'
Completed 200 OK in 116ms (Views: 105.8ms | ActiveRecord: 9.4ms | Allocations: 2193)


Started POST "/tweets" for ::1 at 2021-02-23 22:27:20 -0500
Error occurred while parsing request parameters.
Contents:

{
    "title": "Fantasy me",
    "content": "I can't have enough oversized leather jackets and crop tops",
    "author": "Buffy Summers",
}
  
ActionDispatch::Http::Parameters::ParseError (809: unexpected token at '{
    "title": "Fantasy me",
    "content": "I can't have enough oversized leather jackets and crop tops",
    "author": "Buffy Summers",
}'):
  
actionpack (6.1.3) lib/action_dispatch/http/parameters.rb:96:in `rescue in parse_formatted_parameters'
actionpack (6.1.3) lib/action_dispatch/http/parameters.rb:92:in `parse_formatted_parameters'
actionpack (6.1.3) lib/action_dispatch/http/request.rb:399:in `block in POST'
rack (2.2.3) lib/rack/request.rb:69:in `fetch'
rack (2.2.3) lib/rack/request.rb:69:in `fetch_header'
actionpack (6.1.3) lib/action_dispatch/http/request.rb:398:in `POST'
actionpack (6.1.3) lib/action_dispatch/http/parameters.rb:55:in `parameters'
actionpack (6.1.3) lib/action_controller/metal/params_wrapper.rb:284:in `_wrapper_enabled?'
actionpack (6.1.3) lib/action_controller/metal/params_wrapper.rb:248:in `process_action'
activerecord (6.1.3) lib/active_record/railties/controller_runtime.rb:27:in `process_action'
actionpack (6.1.3) lib/abstract_controller/base.rb:165:in `process'
actionpack (6.1.3) lib/action_controller/metal.rb:190:in `dispatch'
actionpack (6.1.3) lib/action_controller/metal.rb:254:in `dispatch'
actionpack (6.1.3) lib/action_dispatch/routing/route_set.rb:50:in `dispatch'
actionpack (6.1.3) lib/action_dispatch/routing/route_set.rb:33:in `serve'
actionpack (6.1.3) lib/action_dispatch/journey/router.rb:50:in `block in serve'
actionpack (6.1.3) lib/action_dispatch/journey/router.rb:32:in `each'
actionpack (6.1.3) lib/action_dispatch/journey/router.rb:32:in `serve'
actionpack (6.1.3) lib/action_dispatch/routing/route_set.rb:842:in `call'
rack (2.2.3) lib/rack/etag.rb:27:in `call'
rack (2.2.3) lib/rack/conditional_get.rb:40:in `call'
rack (2.2.3) lib/rack/head.rb:12:in `call'
activerecord (6.1.3) lib/active_record/migration.rb:601:in `call'
actionpack (6.1.3) lib/action_dispatch/middleware/callbacks.rb:27:in `block in call'
activesupport (6.1.3) lib/active_support/callbacks.rb:98:in `run_callbacks'
actionpack (6.1.3) lib/action_dispatch/middleware/callbacks.rb:26:in `call'
actionpack (6.1.3) lib/action_dispatch/middleware/executor.rb:14:in `call'
actionpack (6.1.3) lib/action_dispatch/middleware/actionable_exceptions.rb:18:in `call'
actionpack (6.1.3) lib/action_dispatch/middleware/debug_exceptions.rb:29:in `call'
actionpack (6.1.3) lib/action_dispatch/middleware/show_exceptions.rb:33:in `call'
railties (6.1.3) lib/rails/rack/logger.rb:37:in `call_app'
railties (6.1.3) lib/rails/rack/logger.rb:26:in `block in call'
activesupport (6.1.3) lib/active_support/tagged_logging.rb:99:in `block in tagged'
activesupport (6.1.3) lib/active_support/tagged_logging.rb:37:in `tagged'
activesupport (6.1.3) lib/active_support/tagged_logging.rb:99:in `tagged'
railties (6.1.3) lib/rails/rack/logger.rb:26:in `call'
actionpack (6.1.3) lib/action_dispatch/middleware/remote_ip.rb:81:in `call'
actionpack (6.1.3) lib/action_dispatch/middleware/request_id.rb:26:in `call'
rack (2.2.3) lib/rack/runtime.rb:22:in `call'
activesupport (6.1.3) lib/active_support/cache/strategy/local_cache_middleware.rb:29:in `call'
actionpack (6.1.3) lib/action_dispatch/middleware/executor.rb:14:in `call'
actionpack (6.1.3) lib/action_dispatch/middleware/static.rb:24:in `call'
rack (2.2.3) lib/rack/sendfile.rb:110:in `call'
actionpack (6.1.3) lib/action_dispatch/middleware/host_authorization.rb:98:in `call'
railties (6.1.3) lib/rails/engine.rb:539:in `call'
puma (5.2.1) lib/puma/configuration.rb:247:in `call'
puma (5.2.1) lib/puma/request.rb:76:in `block in handle_request'
puma (5.2.1) lib/puma/thread_pool.rb:337:in `with_force_shutdown'
puma (5.2.1) lib/puma/request.rb:75:in `handle_request'
puma (5.2.1) lib/puma/server.rb:431:in `process_client'
puma (5.2.1) lib/puma/thread_pool.rb:145:in `block in spawn_thread'
Error occurred while parsing request parameters.
Contents:

{
    "title": "Fantasy me",
    "content": "I can't have enough oversized leather jackets and crop tops",
    "author": "Buffy Summers",
}
Started POST "/tweets" for ::1 at 2021-02-23 22:27:40 -0500
Processing by TweetsController#create as */*
  Parameters: {"title"=>"Fantasy me", "content"=>"I can't have enough oversized leather jackets and crop tops", "author"=>"Buffy Summers", "tweet"=>{"title"=>"Fantasy me", "content"=>"I can't have enough oversized leather jackets and crop tops", "author"=>"Buffy Summers"}}
  [1m[36mTRANSACTION (48.8ms)[0m  [1m[35mBEGIN[0m
  ↳ app/controllers/tweets_controller.rb:17:in `create'
  [1m[36mTweet Create (43.3ms)[0m  [1m[32mINSERT INTO "tweets" ("title", "content", "author", "created_at", "updated_at") VALUES ($1, $2, $3, $4, $5) RETURNING "id"[0m  [["title", "Fantasy me"], ["content", "I can't have enough oversized leather jackets and crop tops"], ["author", "Buffy Summers"], ["created_at", "2021-02-24 03:27:40.724602"], ["updated_at", "2021-02-24 03:27:40.724602"]]
  ↳ app/controllers/tweets_controller.rb:17:in `create'
  [1m[36mTRANSACTION (32.6ms)[0m  [1m[35mCOMMIT[0m
  ↳ app/controllers/tweets_controller.rb:17:in `create'
Completed 200 OK in 265ms (Views: 0.6ms | ActiveRecord: 124.7ms | Allocations: 2279)


Started GET "/tweets" for ::1 at 2021-02-23 22:30:40 -0500
Processing by TweetsController#index as */*
  Parameters: {"title"=>"Fantasy me", "content"=>"I can't have enough oversized leather jackets and crop tops", "author"=>"Buffy Summers", "tweet"=>{"title"=>"Fantasy me", "content"=>"I can't have enough oversized leather jackets and crop tops", "author"=>"Buffy Summers"}}
  [1m[36mTweet Load (32.0ms)[0m  [1m[34mSELECT "tweets".* FROM "tweets"[0m
  ↳ app/controllers/tweets_controller.rb:5:in `index'
Completed 200 OK in 107ms (Views: 23.6ms | ActiveRecord: 141.4ms | Allocations: 4719)


Started PUT "/tweets/11" for ::1 at 2021-02-23 22:31:48 -0500
Processing by TweetsController#update as */*
  Parameters: {"title"=>"Wrong place, wrong time", "id"=>"11", "tweet"=>{"title"=>"Wrong place, wrong time"}}
  [1m[36mTweet Load (0.7ms)[0m  [1m[34mSELECT "tweets".* FROM "tweets" WHERE "tweets"."id" = $1 LIMIT $2[0m  [["id", 11], ["LIMIT", 1]]
  ↳ app/controllers/tweets_controller.rb:26:in `update'
Completed 200 OK in 19ms (Views: 0.8ms | ActiveRecord: 5.2ms | Allocations: 762)


Started PUT "/tweets/11" for ::1 at 2021-02-23 22:32:12 -0500
Processing by TweetsController#update as */*
  Parameters: {"title"=>"Wrong place, wrong time", "id"=>"11", "tweet"=>{"title"=>"Wrong place, wrong time"}}
  [1m[36mTweet Load (0.9ms)[0m  [1m[34mSELECT "tweets".* FROM "tweets" WHERE "tweets"."id" = $1 LIMIT $2[0m  [["id", 11], ["LIMIT", 1]]
  ↳ app/controllers/tweets_controller.rb:26:in `update'
Completed 200 OK in 6ms (Views: 1.1ms | ActiveRecord: 0.9ms | Allocations: 604)


Started PATCH "/tweets/11" for ::1 at 2021-02-23 22:32:18 -0500
Processing by TweetsController#update as */*
  Parameters: {"title"=>"Wrong place, wrong time", "id"=>"11", "tweet"=>{"title"=>"Wrong place, wrong time"}}
  [1m[36mTweet Load (0.9ms)[0m  [1m[34mSELECT "tweets".* FROM "tweets" WHERE "tweets"."id" = $1 LIMIT $2[0m  [["id", 11], ["LIMIT", 1]]
  ↳ app/controllers/tweets_controller.rb:26:in `update'
Completed 200 OK in 31ms (Views: 0.5ms | ActiveRecord: 0.9ms | Allocations: 603)


Started PUT "/tweets/11" for ::1 at 2021-02-23 22:37:06 -0500
Processing by TweetsController#update as */*
  Parameters: {"tweet"=>{"title"=>"wrong place wrong time", "content"=>"", "author"=>""}, "id"=>"11"}
  [1m[36mTweet Load (0.8ms)[0m  [1m[34mSELECT "tweets".* FROM "tweets" WHERE "tweets"."id" = $1 LIMIT $2[0m  [["id", 11], ["LIMIT", 1]]
  ↳ app/controllers/tweets_controller.rb:26:in `update'
Completed 200 OK in 25ms (Views: 0.6ms | ActiveRecord: 0.8ms | Allocations: 604)


Started PUT "/tweets/11" for ::1 at 2021-02-23 22:37:44 -0500
Processing by TweetsController#update as */*
  Parameters: {"tweet"=>{"title"=>"wrong place wrong time"}, "id"=>"11"}
  [1m[36mTweet Load (0.9ms)[0m  [1m[34mSELECT "tweets".* FROM "tweets" WHERE "tweets"."id" = $1 LIMIT $2[0m  [["id", 11], ["LIMIT", 1]]
  ↳ app/controllers/tweets_controller.rb:26:in `update'
Completed 200 OK in 7ms (Views: 0.6ms | ActiveRecord: 0.9ms | Allocations: 603)


Started PUT "/tweets/11" for ::1 at 2021-02-23 22:39:15 -0500
Processing by TweetsController#update as */*
  Parameters: {"tweet"=>{"title"=>"wrong place wrong time", "content"=>"kickin ass taking names", "author"=>"willow"}, "id"=>"11"}
  [1m[36mTweet Load (0.8ms)[0m  [1m[34mSELECT "tweets".* FROM "tweets" WHERE "tweets"."id" = $1 LIMIT $2[0m  [["id", 11], ["LIMIT", 1]]
  ↳ app/controllers/tweets_controller.rb:26:in `update'
Completed 200 OK in 11ms (Views: 0.7ms | ActiveRecord: 0.8ms | Allocations: 603)


Started PUT "/tweets/11" for ::1 at 2021-02-23 22:41:41 -0500
Processing by TweetsController#update as */*
  Parameters: {"tweet"=>{"title"=>"wrong place wrong time", "content"=>"kickin ass taking names", "author"=>"willow"}, "id"=>"11"}
  [1m[36mTweet Load (0.5ms)[0m  [1m[34mSELECT "tweets".* FROM "tweets" WHERE "tweets"."id" = $1 LIMIT $2[0m  [["id", 11], ["LIMIT", 1]]
  ↳ app/controllers/tweets_controller.rb:26:in `update'
  [1m[36mTRANSACTION (15.6ms)[0m  [1m[35mBEGIN[0m
  ↳ app/controllers/tweets_controller.rb:27:in `update'
  [1m[36mTweet Update (4.5ms)[0m  [1m[33mUPDATE "tweets" SET "title" = $1, "content" = $2, "author" = $3, "updated_at" = $4 WHERE "tweets"."id" = $5[0m  [["title", "wrong place wrong time"], ["content", "kickin ass taking names"], ["author", "willow"], ["updated_at", "2021-02-24 03:41:41.745828"], ["id", 11]]
  ↳ app/controllers/tweets_controller.rb:27:in `update'
  [1m[36mTRANSACTION (0.8ms)[0m  [1m[35mCOMMIT[0m
  ↳ app/controllers/tweets_controller.rb:27:in `update'
Completed 200 OK in 82ms (Views: 0.6ms | ActiveRecord: 36.9ms | Allocations: 5828)


